[    1846ms] [WARNING] The resource http://localhost:3000/_next/static/css/app/(payload)/admin/%5B%5B...segments%5D%5D/page.css?v=1773495647648 was preloaded using link preload but not used within a few seconds from the window's load event. Please make sure it has an appropriate `as` value and it is preloaded intentionally. @ http://localhost:3000/admin:0
[    9767ms] [WARNING] The resource http://localhost:3000/_next/static/css/app/(payload)/admin/%5B%5B...segments%5D%5D/page.css?v=1773495662955 was preloaded using link preload but not used within a few seconds from the window's load event. Please make sure it has an appropriate `as` value and it is preloaded intentionally. @ http://localhost:3000/admin/login:0
[   13545ms] [ERROR] Loading the image 'https://www.gravatar.com/avatar/cc10325f55d5a7b008e697867ecf37e3?default=mp&r=g&s=50' violates the following Content Security Policy directive: "img-src 'self' data: blob: https://drive.google.com https://lh3.googleusercontent.com https://framerusercontent.com". The action has been blocked. @ http://localhost:3000/admin/login:0
[   13697ms] [ERROR] Loading the image 'https://www.gravatar.com/avatar/cc10325f55d5a7b008e697867ecf37e3?default=mp&r=g&s=50' violates the following Content Security Policy directive: "img-src 'self' data: blob: https://drive.google.com https://lh3.googleusercontent.com https://framerusercontent.com". The action has been blocked. @ http://localhost:3000/admin/login:0
[   13843ms] [ERROR] Loading the image 'https://www.gravatar.com/avatar/cc10325f55d5a7b008e697867ecf37e3?default=mp&r=g&s=50' violates the following Content Security Policy directive: "img-src 'self' data: blob: https://drive.google.com https://lh3.googleusercontent.com https://framerusercontent.com". The action has been blocked. @ http://localhost:3000/admin:0
[   17475ms] [WARNING] The resource http://localhost:3000/_next/static/css/app/(payload)/admin/%5B%5B...segments%5D%5D/page.css?v=1773495662955 was preloaded using link preload but not used within a few seconds from the window's load event. Please make sure it has an appropriate `as` value and it is preloaded intentionally. @ http://localhost:3000/admin:0
[   28665ms] [ERROR] Loading the image 'https://www.gravatar.com/avatar/cc10325f55d5a7b008e697867ecf37e3?default=mp&r=g&s=50' violates the following Content Security Policy directive: "img-src 'self' data: blob: https://drive.google.com https://lh3.googleusercontent.com https://framerusercontent.com". The action has been blocked. @ http://localhost:3000/admin:0
[   28671ms] [ERROR] Loading the image 'https://www.gravatar.com/avatar/cc10325f55d5a7b008e697867ecf37e3?default=mp&r=g&s=50' violates the following Content Security Policy directive: "img-src 'self' data: blob: https://drive.google.com https://lh3.googleusercontent.com https://framerusercontent.com". The action has been blocked. @ http://localhost:3000/admin:0
[   43696ms] [ERROR] Loading the image 'https://www.gravatar.com/avatar/cc10325f55d5a7b008e697867ecf37e3?default=mp&r=g&s=50' violates the following Content Security Policy directive: "img-src 'self' data: blob: https://drive.google.com https://lh3.googleusercontent.com https://framerusercontent.com". The action has been blocked. @ http://localhost:3000/admin:0
[   43702ms] [ERROR] Loading the image 'https://www.gravatar.com/avatar/cc10325f55d5a7b008e697867ecf37e3?default=mp&r=g&s=50' violates the following Content Security Policy directive: "img-src 'self' data: blob: https://drive.google.com https://lh3.googleusercontent.com https://framerusercontent.com". The action has been blocked. @ http://localhost:3000/admin:0
[   46755ms] [ERROR] Loading the image 'https://www.gravatar.com/avatar/cc10325f55d5a7b008e697867ecf37e3?default=mp&r=g&s=50' violates the following Content Security Policy directive: "img-src 'self' data: blob: https://drive.google.com https://lh3.googleusercontent.com https://framerusercontent.com". The action has been blocked. @ http://localhost:3000/admin/collections/users:0
[   46760ms] [ERROR] Loading the image 'https://www.gravatar.com/avatar/cc10325f55d5a7b008e697867ecf37e3?default=mp&r=g&s=50' violates the following Content Security Policy directive: "img-src 'self' data: blob: https://drive.google.com https://lh3.googleusercontent.com https://framerusercontent.com". The action has been blocked. @ http://localhost:3000/admin/collections/users:0
[   50847ms] [ERROR] Loading the image 'https://www.gravatar.com/avatar/cc10325f55d5a7b008e697867ecf37e3?default=mp&r=g&s=50' violates the following Content Security Policy directive: "img-src 'self' data: blob: https://drive.google.com https://lh3.googleusercontent.com https://framerusercontent.com". The action has been blocked. @ http://localhost:3000/admin/collections/products:0
[   50857ms] [ERROR] Loading the image 'https://www.gravatar.com/avatar/cc10325f55d5a7b008e697867ecf37e3?default=mp&r=g&s=50' violates the following Content Security Policy directive: "img-src 'self' data: blob: https://drive.google.com https://lh3.googleusercontent.com https://framerusercontent.com". The action has been blocked. @ http://localhost:3000/admin/collections/products:0
[   53370ms] [ERROR] Loading the image 'https://www.gravatar.com/avatar/cc10325f55d5a7b008e697867ecf37e3?default=mp&r=g&s=50' violates the following Content Security Policy directive: "img-src 'self' data: blob: https://drive.google.com https://lh3.googleusercontent.com https://framerusercontent.com". The action has been blocked. @ http://localhost:3000/admin/collections/assets:0
[   53378ms] [ERROR] Loading the image 'https://www.gravatar.com/avatar/cc10325f55d5a7b008e697867ecf37e3?default=mp&r=g&s=50' violates the following Content Security Policy directive: "img-src 'self' data: blob: https://drive.google.com https://lh3.googleusercontent.com https://framerusercontent.com". The action has been blocked. @ http://localhost:3000/admin/collections/assets:0
[   56465ms] [ERROR] Loading the image 'https://www.gravatar.com/avatar/cc10325f55d5a7b008e697867ecf37e3?default=mp&r=g&s=50' violates the following Content Security Policy directive: "img-src 'self' data: blob: https://drive.google.com https://lh3.googleusercontent.com https://framerusercontent.com". The action has been blocked. @ http://localhost:3000/admin/globals/company-info:0
[   56471ms] [ERROR] Loading the image 'https://www.gravatar.com/avatar/cc10325f55d5a7b008e697867ecf37e3?default=mp&r=g&s=50' violates the following Content Security Policy directive: "img-src 'self' data: blob: https://drive.google.com https://lh3.googleusercontent.com https://framerusercontent.com". The action has been blocked. @ http://localhost:3000/admin/globals/company-info:0
[   65269ms] [ERROR] Loading the image 'https://www.gravatar.com/avatar/cc10325f55d5a7b008e697867ecf37e3?default=mp&r=g&s=50' violates the following Content Security Policy directive: "img-src 'self' data: blob: https://drive.google.com https://lh3.googleusercontent.com https://framerusercontent.com". The action has been blocked. @ http://localhost:3000/admin/globals/product-sequencing:0
[   65275ms] [ERROR] Loading the image 'https://www.gravatar.com/avatar/cc10325f55d5a7b008e697867ecf37e3?default=mp&r=g&s=50' violates the following Content Security Policy directive: "img-src 'self' data: blob: https://drive.google.com https://lh3.googleusercontent.com https://framerusercontent.com". The action has been blocked. @ http://localhost:3000/admin/globals/product-sequencing:0
[   68461ms] [ERROR] Loading the image 'https://www.gravatar.com/avatar/cc10325f55d5a7b008e697867ecf37e3?default=mp&r=g&s=50' violates the following Content Security Policy directive: "img-src 'self' data: blob: https://drive.google.com https://lh3.googleusercontent.com https://framerusercontent.com". The action has been blocked. @ http://localhost:3000/admin/account:0
[   68465ms] [ERROR] Loading the image 'https://www.gravatar.com/avatar/cc10325f55d5a7b008e697867ecf37e3?default=mp&r=g&s=50' violates the following Content Security Policy directive: "img-src 'self' data: blob: https://drive.google.com https://lh3.googleusercontent.com https://framerusercontent.com". The action has been blocked. @ http://localhost:3000/admin/account:0
[  130681ms] [ERROR] Loading the script 'https://cdn.jsdelivr.net/npm/monaco-editor@0.55.1/min/vs/loader.js' violates the following Content Security Policy directive: "script-src 'self' 'unsafe-inline' 'unsafe-eval' https://challenges.cloudflare.com https://www.google.com https://www.gstatic.com". Note that 'script-src-elem' was not explicitly set, so 'script-src' is used as a fallback. The action has been blocked. @ webpack-internal:///(app-pages-browser)/./node_modules/@payloadcms/ui/dist/exports/client/chunk-J46CQZ3T.js:374
[  130818ms] [ERROR] Monaco initialization: error: Event @ webpack-internal:///(app-pages-browser)/./node_modules/next/dist/next-devtools/userspace/app/errors/intercept-console-error.js:56
[  130819ms] [ERROR] Monaco initialization: error: Event @ webpack-internal:///(app-pages-browser)/./node_modules/next/dist/next-devtools/userspace/app/errors/intercept-console-error.js:56
[  130819ms] [ERROR] Monaco initialization: error: Event @ webpack-internal:///(app-pages-browser)/./node_modules/next/dist/next-devtools/userspace/app/errors/intercept-console-error.js:56
[  130820ms] [ERROR] Monaco initialization: error: Event @ webpack-internal:///(app-pages-browser)/./node_modules/next/dist/next-devtools/userspace/app/errors/intercept-console-error.js:56
[  130820ms] [ERROR] Monaco initialization: error: Event @ webpack-internal:///(app-pages-browser)/./node_modules/next/dist/next-devtools/userspace/app/errors/intercept-console-error.js:56
[  130821ms] [ERROR] Monaco initialization: error: Event @ webpack-internal:///(app-pages-browser)/./node_modules/next/dist/next-devtools/userspace/app/errors/intercept-console-error.js:56
[  130822ms] [ERROR] Monaco initialization: error: Event @ webpack-internal:///(app-pages-browser)/./node_modules/next/dist/next-devtools/userspace/app/errors/intercept-console-error.js:56
[  130823ms] [ERROR] Monaco initialization: error: Event @ webpack-internal:///(app-pages-browser)/./node_modules/next/dist/next-devtools/userspace/app/errors/intercept-console-error.js:56
[  130825ms] [ERROR] Monaco initialization: error: Event @ webpack-internal:///(app-pages-browser)/./node_modules/next/dist/next-devtools/userspace/app/errors/intercept-console-error.js:56
[  130826ms] [ERROR] Monaco initialization: error: Event @ webpack-internal:///(app-pages-browser)/./node_modules/next/dist/next-devtools/userspace/app/errors/intercept-console-error.js:56
[  130827ms] [ERROR] Monaco initialization: error: Event @ webpack-internal:///(app-pages-browser)/./node_modules/next/dist/next-devtools/userspace/app/errors/intercept-console-error.js:56
[  130828ms] [ERROR] Monaco initialization: error: Event @ webpack-internal:///(app-pages-browser)/./node_modules/next/dist/next-devtools/userspace/app/errors/intercept-console-error.js:56
[  130831ms] [ERROR] Monaco initialization: error: Event @ webpack-internal:///(app-pages-browser)/./node_modules/next/dist/next-devtools/userspace/app/errors/intercept-console-error.js:56
[  130834ms] [ERROR] Monaco initialization: error: Event @ webpack-internal:///(app-pages-browser)/./node_modules/next/dist/next-devtools/userspace/app/errors/intercept-console-error.js:56
[  130879ms] Event
[  130880ms] Event
[  130881ms] Event
[  130882ms] Event
[  130883ms] Event
[  130884ms] Event
[  130885ms] Event
[  130886ms] Event
[  130886ms] Event
[  130887ms] Event
[  130888ms] Event
[  130888ms] Event
[  130889ms] Event
[  130890ms] Event
