[  448905ms] [ERROR] Failed to load resource: net::ERR_CONNECTION_REFUSED @ http://localhost:3000/_vercel/speed-insights/script.js:0
[  448906ms] [ERROR] Failed to load resource: net::ERR_CONNECTION_REFUSED @ http://localhost:3000/about?_rsc=1u2ju:0
[  448906ms] [ERROR] Failed to fetch RSC payload for http://localhost:3000/about. Falling back to browser navigation. TypeError: Failed to fetch
    at y (http://localhost:3000/_next/static/chunks/5964-217149ecc4b4e5f3.js:1:134441)
    at _ (http://localhost:3000/_next/static/chunks/5964-217149ecc4b4e5f3.js:1:133352)
    at http://localhost:3000/_next/static/chunks/5964-217149ecc4b4e5f3.js:1:37885
    at Object.l [as task] (http://localhost:3000/_next/static/chunks/5964-217149ecc4b4e5f3.js:1:120934)
    at c.s (http://localhost:3000/_next/static/chunks/5964-217149ecc4b4e5f3.js:1:121639)
    at c.enqueue (http://localhost:3000/_next/static/chunks/5964-217149ecc4b4e5f3.js:1:121064)
    at s (http://localhost:3000/_next/static/chunks/5964-217149ecc4b4e5f3.js:1:37848)
    at i (http://localhost:3000/_next/static/chunks/5964-217149ecc4b4e5f3.js:1:37364)
    at o (http://localhost:3000/_next/static/chunks/5964-217149ecc4b4e5f3.js:1:135503)
    at Object.prefetch (http://localhost:3000/_next/static/chunks/5964-217149ecc4b4e5f3.js:1:10249) @ http://localhost:3000/_next/static/chunks/5964-217149ecc4b4e5f3.js:0
[  448908ms] [ERROR] Failed to load resource: net::ERR_CONNECTION_REFUSED @ http://localhost:3000/supply/mea-triazine-78?_rsc=1u2ju:0
[  448908ms] [ERROR] Failed to fetch RSC payload for http://localhost:3000/supply/mea-triazine-78. Falling back to browser navigation. TypeError: Failed to fetch
    at y (http://localhost:3000/_next/static/chunks/5964-217149ecc4b4e5f3.js:1:134441)
    at _ (http://localhost:3000/_next/static/chunks/5964-217149ecc4b4e5f3.js:1:133352)
    at http://localhost:3000/_next/static/chunks/5964-217149ecc4b4e5f3.js:1:37885
    at Object.l [as task] (http://localhost:3000/_next/static/chunks/5964-217149ecc4b4e5f3.js:1:120934)
    at c.s (http://localhost:3000/_next/static/chunks/5964-217149ecc4b4e5f3.js:1:121639)
    at c.enqueue (http://localhost:3000/_next/static/chunks/5964-217149ecc4b4e5f3.js:1:121064)
    at s (http://localhost:3000/_next/static/chunks/5964-217149ecc4b4e5f3.js:1:37848)
    at i (http://localhost:3000/_next/static/chunks/5964-217149ecc4b4e5f3.js:1:37364)
    at o (http://localhost:3000/_next/static/chunks/5964-217149ecc4b4e5f3.js:1:135503)
    at Object.prefetch (http://localhost:3000/_next/static/chunks/5964-217149ecc4b4e5f3.js:1:10249) @ http://localhost:3000/_next/static/chunks/5964-217149ecc4b4e5f3.js:0
[  448909ms] [ERROR] Failed to load resource: net::ERR_CONNECTION_REFUSED @ http://localhost:3000/product?_rsc=1u2ju:0
[  448909ms] [ERROR] Failed to fetch RSC payload for http://localhost:3000/product. Falling back to browser navigation. TypeError: Failed to fetch
    at y (http://localhost:3000/_next/static/chunks/5964-217149ecc4b4e5f3.js:1:134441)
    at _ (http://localhost:3000/_next/static/chunks/5964-217149ecc4b4e5f3.js:1:133352)
    at http://localhost:3000/_next/static/chunks/5964-217149ecc4b4e5f3.js:1:37885
    at Object.l [as task] (http://localhost:3000/_next/static/chunks/5964-217149ecc4b4e5f3.js:1:120934)
    at c.s (http://localhost:3000/_next/static/chunks/5964-217149ecc4b4e5f3.js:1:121639)
    at c.enqueue (http://localhost:3000/_next/static/chunks/5964-217149ecc4b4e5f3.js:1:121064)
    at s (http://localhost:3000/_next/static/chunks/5964-217149ecc4b4e5f3.js:1:37848)
    at i (http://localhost:3000/_next/static/chunks/5964-217149ecc4b4e5f3.js:1:37364)
    at o (http://localhost:3000/_next/static/chunks/5964-217149ecc4b4e5f3.js:1:135503)
    at Object.prefetch (http://localhost:3000/_next/static/chunks/5964-217149ecc4b4e5f3.js:1:10249) @ http://localhost:3000/_next/static/chunks/5964-217149ecc4b4e5f3.js:0
[  448910ms] [ERROR] Failed to load resource: net::ERR_CONNECTION_REFUSED @ http://localhost:3000/mea-triazine-vs-mma-triazine?_rsc=1u2ju:0
[  448910ms] [ERROR] Failed to fetch RSC payload for http://localhost:3000/mea-triazine-vs-mma-triazine. Falling back to browser navigation. TypeError: Failed to fetch
    at y (http://localhost:3000/_next/static/chunks/5964-217149ecc4b4e5f3.js:1:134441)
    at _ (http://localhost:3000/_next/static/chunks/5964-217149ecc4b4e5f3.js:1:133352)
    at http://localhost:3000/_next/static/chunks/5964-217149ecc4b4e5f3.js:1:37885
    at Object.l [as task] (http://localhost:3000/_next/static/chunks/5964-217149ecc4b4e5f3.js:1:120934)
    at c.s (http://localhost:3000/_next/static/chunks/5964-217149ecc4b4e5f3.js:1:121639)
    at c.enqueue (http://localhost:3000/_next/static/chunks/5964-217149ecc4b4e5f3.js:1:121064)
    at s (http://localhost:3000/_next/static/chunks/5964-217149ecc4b4e5f3.js:1:37848)
    at i (http://localhost:3000/_next/static/chunks/5964-217149ecc4b4e5f3.js:1:37364)
    at o (http://localhost:3000/_next/static/chunks/5964-217149ecc4b4e5f3.js:1:135503)
    at Object.prefetch (http://localhost:3000/_next/static/chunks/5964-217149ecc4b4e5f3.js:1:10249) @ http://localhost:3000/_next/static/chunks/5964-217149ecc4b4e5f3.js:0
[  448910ms] [ERROR] Failed to load resource: net::ERR_CONNECTION_REFUSED @ http://localhost:3000/how-h2s-scavengers-work?_rsc=1u2ju:0
[  448911ms] [ERROR] Failed to fetch RSC payload for http://localhost:3000/how-h2s-scavengers-work. Falling back to browser navigation. TypeError: Failed to fetch
    at y (http://localhost:3000/_next/static/chunks/5964-217149ecc4b4e5f3.js:1:134441)
    at _ (http://localhost:3000/_next/static/chunks/5964-217149ecc4b4e5f3.js:1:133352)
    at http://localhost:3000/_next/static/chunks/5964-217149ecc4b4e5f3.js:1:37885
    at Object.l [as task] (http://localhost:3000/_next/static/chunks/5964-217149ecc4b4e5f3.js:1:120934)
    at c.s (http://localhost:3000/_next/static/chunks/5964-217149ecc4b4e5f3.js:1:121639)
    at c.enqueue (http://localhost:3000/_next/static/chunks/5964-217149ecc4b4e5f3.js:1:121064)
    at s (http://localhost:3000/_next/static/chunks/5964-217149ecc4b4e5f3.js:1:37848)
    at i (http://localhost:3000/_next/static/chunks/5964-217149ecc4b4e5f3.js:1:37364)
    at o (http://localhost:3000/_next/static/chunks/5964-217149ecc4b4e5f3.js:1:135503)
    at Object.prefetch (http://localhost:3000/_next/static/chunks/5964-217149ecc4b4e5f3.js:1:10249) @ http://localhost:3000/_next/static/chunks/5964-217149ecc4b4e5f3.js:0
[  451268ms] [ERROR] Failed to load resource: net::ERR_CONNECTION_REFUSED @ http://localhost:3000/_next/image?url=https%3A%2F%2Fdrive.google.com%2Fuc%3Fexport%3Dview%26id%3D1Z5199bCRGk6XIgdA6p_RdadeP-38aBFl&w=1920&q=75:0
[  451272ms] [ERROR] Failed to load resource: net::ERR_CONNECTION_REFUSED @ http://localhost:3000/_next/image?url=https%3A%2F%2Fframerusercontent.com%2Fimages%2FatqhDfm1Q5VKmWwNHnp8Cl7GHo.png&w=48&q=75:0
[  451272ms] [ERROR] Failed to load resource: net::ERR_CONNECTION_REFUSED @ http://localhost:3000/_next/image?url=https%3A%2F%2Fframerusercontent.com%2Fimages%2FHfRFaPjzU8WCChxWa4MmTB1BWg.png&w=48&q=75:0
[  451272ms] [ERROR] Failed to load resource: net::ERR_CONNECTION_REFUSED @ http://localhost:3000/_next/image?url=https%3A%2F%2Fframerusercontent.com%2Fimages%2F4joakeBMa5GHrq9uyQPg0bnmko.png&w=48&q=75:0
[  451272ms] [ERROR] Failed to load resource: net::ERR_CONNECTION_REFUSED @ http://localhost:3000/_next/image?url=https%3A%2F%2Fframerusercontent.com%2Fimages%2FcrOykN7l4AlMK9acNXCVRzJmcg.png&w=48&q=75:0
[  451273ms] [ERROR] Failed to load resource: net::ERR_CONNECTION_REFUSED @ http://localhost:3000/_vercel/insights/script.js:0
[  453609ms] [ERROR] Failed to load resource: net::ERR_CONNECTION_REFUSED @ http://localhost:3000/compare?_rsc=1u2ju:0
[  453609ms] [ERROR] Failed to fetch RSC payload for http://localhost:3000/compare. Falling back to browser navigation. TypeError: Failed to fetch
    at y (http://localhost:3000/_next/static/chunks/5964-217149ecc4b4e5f3.js:1:134441)
    at _ (http://localhost:3000/_next/static/chunks/5964-217149ecc4b4e5f3.js:1:133352)
    at http://localhost:3000/_next/static/chunks/5964-217149ecc4b4e5f3.js:1:37885
    at Object.l [as task] (http://localhost:3000/_next/static/chunks/5964-217149ecc4b4e5f3.js:1:120934)
    at c.s (http://localhost:3000/_next/static/chunks/5964-217149ecc4b4e5f3.js:1:121639)
    at Object.l [as task] (http://localhost:3000/_next/static/chunks/5964-217149ecc4b4e5f3.js:1:120996) @ http://localhost:3000/_next/static/chunks/5964-217149ecc4b4e5f3.js:0
[  453610ms] [ERROR] Failed to load resource: net::ERR_CONNECTION_REFUSED @ http://localhost:3000/resources?_rsc=1u2ju:0
[  453611ms] [ERROR] Failed to fetch RSC payload for http://localhost:3000/resources. Falling back to browser navigation. TypeError: Failed to fetch
    at y (http://localhost:3000/_next/static/chunks/5964-217149ecc4b4e5f3.js:1:134441)
    at _ (http://localhost:3000/_next/static/chunks/5964-217149ecc4b4e5f3.js:1:133352)
    at http://localhost:3000/_next/static/chunks/5964-217149ecc4b4e5f3.js:1:37885
    at Object.l [as task] (http://localhost:3000/_next/static/chunks/5964-217149ecc4b4e5f3.js:1:120934)
    at c.s (http://localhost:3000/_next/static/chunks/5964-217149ecc4b4e5f3.js:1:121639)
    at Object.l [as task] (http://localhost:3000/_next/static/chunks/5964-217149ecc4b4e5f3.js:1:120996) @ http://localhost:3000/_next/static/chunks/5964-217149ecc4b4e5f3.js:0
[  453612ms] [ERROR] Failed to load resource: net::ERR_CONNECTION_REFUSED @ http://localhost:3000/industries/oil-gas-h2s-scavenger?_rsc=1u2ju:0
[  453612ms] [ERROR] Failed to fetch RSC payload for http://localhost:3000/industries/oil-gas-h2s-scavenger. Falling back to browser navigation. TypeError: Failed to fetch
    at y (http://localhost:3000/_next/static/chunks/5964-217149ecc4b4e5f3.js:1:134441)
    at _ (http://localhost:3000/_next/static/chunks/5964-217149ecc4b4e5f3.js:1:133352)
    at http://localhost:3000/_next/static/chunks/5964-217149ecc4b4e5f3.js:1:37885
    at Object.l [as task] (http://localhost:3000/_next/static/chunks/5964-217149ecc4b4e5f3.js:1:120934)
    at c.s (http://localhost:3000/_next/static/chunks/5964-217149ecc4b4e5f3.js:1:121639)
    at Object.l [as task] (http://localhost:3000/_next/static/chunks/5964-217149ecc4b4e5f3.js:1:120996) @ http://localhost:3000/_next/static/chunks/5964-217149ecc4b4e5f3.js:0
[  453624ms] [ERROR] Failed to load resource: net::ERR_CONNECTION_REFUSED @ http://localhost:3000/industries/water-treatment?_rsc=1u2ju:0
[  453625ms] [ERROR] Failed to fetch RSC payload for http://localhost:3000/industries/water-treatment. Falling back to browser navigation. TypeError: Failed to fetch
    at y (http://localhost:3000/_next/static/chunks/5964-217149ecc4b4e5f3.js:1:134441)
    at _ (http://localhost:3000/_next/static/chunks/5964-217149ecc4b4e5f3.js:1:133352)
    at http://localhost:3000/_next/static/chunks/5964-217149ecc4b4e5f3.js:1:37885
    at Object.l [as task] (http://localhost:3000/_next/static/chunks/5964-217149ecc4b4e5f3.js:1:120934)
    at c.s (http://localhost:3000/_next/static/chunks/5964-217149ecc4b4e5f3.js:1:121639)
    at Object.l [as task] (http://localhost:3000/_next/static/chunks/5964-217149ecc4b4e5f3.js:1:120996) @ http://localhost:3000/_next/static/chunks/5964-217149ecc4b4e5f3.js:0
[  453626ms] [ERROR] Failed to load resource: net::ERR_CONNECTION_REFUSED @ http://localhost:3000/industries/metal-working-fluids?_rsc=1u2ju:0
[  453626ms] [ERROR] Failed to fetch RSC payload for http://localhost:3000/industries/metal-working-fluids. Falling back to browser navigation. TypeError: Failed to fetch
    at y (http://localhost:3000/_next/static/chunks/5964-217149ecc4b4e5f3.js:1:134441)
    at _ (http://localhost:3000/_next/static/chunks/5964-217149ecc4b4e5f3.js:1:133352)
    at http://localhost:3000/_next/static/chunks/5964-217149ecc4b4e5f3.js:1:37885
    at Object.l [as task] (http://localhost:3000/_next/static/chunks/5964-217149ecc4b4e5f3.js:1:120934)
    at c.s (http://localhost:3000/_next/static/chunks/5964-217149ecc4b4e5f3.js:1:121639)
    at Object.l [as task] (http://localhost:3000/_next/static/chunks/5964-217149ecc4b4e5f3.js:1:120996) @ http://localhost:3000/_next/static/chunks/5964-217149ecc4b4e5f3.js:0
[  453627ms] [ERROR] Failed to load resource: net::ERR_CONNECTION_REFUSED @ http://localhost:3000/industries/paper-mill?_rsc=1u2ju:0
[  453627ms] [ERROR] Failed to fetch RSC payload for http://localhost:3000/industries/paper-mill. Falling back to browser navigation. TypeError: Failed to fetch
    at y (http://localhost:3000/_next/static/chunks/5964-217149ecc4b4e5f3.js:1:134441)
    at _ (http://localhost:3000/_next/static/chunks/5964-217149ecc4b4e5f3.js:1:133352)
    at http://localhost:3000/_next/static/chunks/5964-217149ecc4b4e5f3.js:1:37885
    at Object.l [as task] (http://localhost:3000/_next/static/chunks/5964-217149ecc4b4e5f3.js:1:120934)
    at c.s (http://localhost:3000/_next/static/chunks/5964-217149ecc4b4e5f3.js:1:121639)
    at Object.l [as task] (http://localhost:3000/_next/static/chunks/5964-217149ecc4b4e5f3.js:1:120996) @ http://localhost:3000/_next/static/chunks/5964-217149ecc4b4e5f3.js:0
[  455975ms] [ERROR] Failed to load resource: net::ERR_CONNECTION_REFUSED @ http://localhost:3000/applications/gas-sweetening?_rsc=1u2ju:0
[  455975ms] [ERROR] Failed to fetch RSC payload for http://localhost:3000/applications/gas-sweetening. Falling back to browser navigation. TypeError: Failed to fetch
    at y (http://localhost:3000/_next/static/chunks/5964-217149ecc4b4e5f3.js:1:134441)
    at _ (http://localhost:3000/_next/static/chunks/5964-217149ecc4b4e5f3.js:1:133352)
    at http://localhost:3000/_next/static/chunks/5964-217149ecc4b4e5f3.js:1:37885
    at Object.l [as task] (http://localhost:3000/_next/static/chunks/5964-217149ecc4b4e5f3.js:1:120934)
    at c.s (http://localhost:3000/_next/static/chunks/5964-217149ecc4b4e5f3.js:1:121639)
    at Object.l [as task] (http://localhost:3000/_next/static/chunks/5964-217149ecc4b4e5f3.js:1:120996) @ http://localhost:3000/_next/static/chunks/5964-217149ecc4b4e5f3.js:0
[  455976ms] [ERROR] Failed to load resource: net::ERR_CONNECTION_REFUSED @ http://localhost:3000/applications/pipeline-h2s-treatment?_rsc=1u2ju:0
[  455977ms] [ERROR] Failed to fetch RSC payload for http://localhost:3000/applications/pipeline-h2s-treatment. Falling back to browser navigation. TypeError: Failed to fetch
    at y (http://localhost:3000/_next/static/chunks/5964-217149ecc4b4e5f3.js:1:134441)
    at _ (http://localhost:3000/_next/static/chunks/5964-217149ecc4b4e5f3.js:1:133352)
    at http://localhost:3000/_next/static/chunks/5964-217149ecc4b4e5f3.js:1:37885
    at Object.l [as task] (http://localhost:3000/_next/static/chunks/5964-217149ecc4b4e5f3.js:1:120934)
    at c.s (http://localhost:3000/_next/static/chunks/5964-217149ecc4b4e5f3.js:1:121639)
    at Object.l [as task] (http://localhost:3000/_next/static/chunks/5964-217149ecc4b4e5f3.js:1:120996) @ http://localhost:3000/_next/static/chunks/5964-217149ecc4b4e5f3.js:0
[  455978ms] [ERROR] Failed to load resource: net::ERR_CONNECTION_REFUSED @ http://localhost:3000/applications/biogas-h2s-removal?_rsc=1u2ju:0
[  455978ms] [ERROR] Failed to fetch RSC payload for http://localhost:3000/applications/biogas-h2s-removal. Falling back to browser navigation. TypeError: Failed to fetch
    at y (http://localhost:3000/_next/static/chunks/5964-217149ecc4b4e5f3.js:1:134441)
    at _ (http://localhost:3000/_next/static/chunks/5964-217149ecc4b4e5f3.js:1:133352)
    at http://localhost:3000/_next/static/chunks/5964-217149ecc4b4e5f3.js:1:37885
    at Object.l [as task] (http://localhost:3000/_next/static/chunks/5964-217149ecc4b4e5f3.js:1:120934)
    at c.s (http://localhost:3000/_next/static/chunks/5964-217149ecc4b4e5f3.js:1:121639)
    at Object.l [as task] (http://localhost:3000/_next/static/chunks/5964-217149ecc4b4e5f3.js:1:120996) @ http://localhost:3000/_next/static/chunks/5964-217149ecc4b4e5f3.js:0
[  455991ms] [ERROR] Failed to load resource: net::ERR_CONNECTION_REFUSED @ http://localhost:3000/case-study?_rsc=1u2ju:0
[  455991ms] [ERROR] Failed to fetch RSC payload for http://localhost:3000/case-study. Falling back to browser navigation. TypeError: Failed to fetch
    at y (http://localhost:3000/_next/static/chunks/5964-217149ecc4b4e5f3.js:1:134441)
    at _ (http://localhost:3000/_next/static/chunks/5964-217149ecc4b4e5f3.js:1:133352)
    at http://localhost:3000/_next/static/chunks/5964-217149ecc4b4e5f3.js:1:37885
    at Object.l [as task] (http://localhost:3000/_next/static/chunks/5964-217149ecc4b4e5f3.js:1:120934)
    at c.s (http://localhost:3000/_next/static/chunks/5964-217149ecc4b4e5f3.js:1:121639)
    at Object.l [as task] (http://localhost:3000/_next/static/chunks/5964-217149ecc4b4e5f3.js:1:120996) @ http://localhost:3000/_next/static/chunks/5964-217149ecc4b4e5f3.js:0
[  455992ms] [ERROR] Failed to load resource: net::ERR_CONNECTION_REFUSED @ http://localhost:3000/supply/mea-triazine-78/uae?_rsc=1u2ju:0
[  455992ms] [ERROR] Failed to fetch RSC payload for http://localhost:3000/supply/mea-triazine-78/uae. Falling back to browser navigation. TypeError: Failed to fetch
    at y (http://localhost:3000/_next/static/chunks/5964-217149ecc4b4e5f3.js:1:134441)
    at _ (http://localhost:3000/_next/static/chunks/5964-217149ecc4b4e5f3.js:1:133352)
    at http://localhost:3000/_next/static/chunks/5964-217149ecc4b4e5f3.js:1:37885
    at Object.l [as task] (http://localhost:3000/_next/static/chunks/5964-217149ecc4b4e5f3.js:1:120934)
    at c.s (http://localhost:3000/_next/static/chunks/5964-217149ecc4b4e5f3.js:1:121639)
    at Object.l [as task] (http://localhost:3000/_next/static/chunks/5964-217149ecc4b4e5f3.js:1:120996) @ http://localhost:3000/_next/static/chunks/5964-217149ecc4b4e5f3.js:0
[  455993ms] [ERROR] Failed to load resource: net::ERR_CONNECTION_REFUSED @ http://localhost:3000/supply/mea-triazine-78/saudi-arabia?_rsc=1u2ju:0
[  455993ms] [ERROR] Failed to fetch RSC payload for http://localhost:3000/supply/mea-triazine-78/saudi-arabia. Falling back to browser navigation. TypeError: Failed to fetch
    at y (http://localhost:3000/_next/static/chunks/5964-217149ecc4b4e5f3.js:1:134441)
    at _ (http://localhost:3000/_next/static/chunks/5964-217149ecc4b4e5f3.js:1:133352)
    at http://localhost:3000/_next/static/chunks/5964-217149ecc4b4e5f3.js:1:37885
    at Object.l [as task] (http://localhost:3000/_next/static/chunks/5964-217149ecc4b4e5f3.js:1:120934)
    at c.s (http://localhost:3000/_next/static/chunks/5964-217149ecc4b4e5f3.js:1:121639)
    at Object.l [as task] (http://localhost:3000/_next/static/chunks/5964-217149ecc4b4e5f3.js:1:120996) @ http://localhost:3000/_next/static/chunks/5964-217149ecc4b4e5f3.js:0
[  458328ms] [ERROR] Failed to load resource: net::ERR_CONNECTION_REFUSED @ http://localhost:3000/supply/mea-triazine-78/qatar?_rsc=1u2ju:0
[  458328ms] [ERROR] Failed to fetch RSC payload for http://localhost:3000/supply/mea-triazine-78/qatar. Falling back to browser navigation. TypeError: Failed to fetch
    at y (http://localhost:3000/_next/static/chunks/5964-217149ecc4b4e5f3.js:1:134441)
    at _ (http://localhost:3000/_next/static/chunks/5964-217149ecc4b4e5f3.js:1:133352)
    at http://localhost:3000/_next/static/chunks/5964-217149ecc4b4e5f3.js:1:37885
    at Object.l [as task] (http://localhost:3000/_next/static/chunks/5964-217149ecc4b4e5f3.js:1:120934)
    at c.s (http://localhost:3000/_next/static/chunks/5964-217149ecc4b4e5f3.js:1:121639)
    at Object.l [as task] (http://localhost:3000/_next/static/chunks/5964-217149ecc4b4e5f3.js:1:120996) @ http://localhost:3000/_next/static/chunks/5964-217149ecc4b4e5f3.js:0
[  458328ms] [ERROR] Failed to load resource: net::ERR_CONNECTION_REFUSED @ http://localhost:3000/supply/mea-triazine-78/kuwait?_rsc=1u2ju:0
[  458328ms] [ERROR] Failed to fetch RSC payload for http://localhost:3000/supply/mea-triazine-78/kuwait. Falling back to browser navigation. TypeError: Failed to fetch
    at y (http://localhost:3000/_next/static/chunks/5964-217149ecc4b4e5f3.js:1:134441)
    at _ (http://localhost:3000/_next/static/chunks/5964-217149ecc4b4e5f3.js:1:133352)
    at http://localhost:3000/_next/static/chunks/5964-217149ecc4b4e5f3.js:1:37885
    at Object.l [as task] (http://localhost:3000/_next/static/chunks/5964-217149ecc4b4e5f3.js:1:120934)
    at c.s (http://localhost:3000/_next/static/chunks/5964-217149ecc4b4e5f3.js:1:121639)
    at Object.l [as task] (http://localhost:3000/_next/static/chunks/5964-217149ecc4b4e5f3.js:1:120996) @ http://localhost:3000/_next/static/chunks/5964-217149ecc4b4e5f3.js:0
[  458329ms] [ERROR] Failed to load resource: net::ERR_CONNECTION_REFUSED @ http://localhost:3000/supply/mea-triazine-78/oman?_rsc=1u2ju:0
[  458329ms] [ERROR] Failed to fetch RSC payload for http://localhost:3000/supply/mea-triazine-78/oman. Falling back to browser navigation. TypeError: Failed to fetch
    at y (http://localhost:3000/_next/static/chunks/5964-217149ecc4b4e5f3.js:1:134441)
    at _ (http://localhost:3000/_next/static/chunks/5964-217149ecc4b4e5f3.js:1:133352)
    at http://localhost:3000/_next/static/chunks/5964-217149ecc4b4e5f3.js:1:37885
    at Object.l [as task] (http://localhost:3000/_next/static/chunks/5964-217149ecc4b4e5f3.js:1:120934)
    at c.s (http://localhost:3000/_next/static/chunks/5964-217149ecc4b4e5f3.js:1:121639)
    at Object.l [as task] (http://localhost:3000/_next/static/chunks/5964-217149ecc4b4e5f3.js:1:120996) @ http://localhost:3000/_next/static/chunks/5964-217149ecc4b4e5f3.js:0
[  458344ms] [ERROR] Failed to load resource: net::ERR_CONNECTION_REFUSED @ http://localhost:3000/supply/mea-triazine-78/iraq?_rsc=1u2ju:0
[  458344ms] [ERROR] Failed to fetch RSC payload for http://localhost:3000/supply/mea-triazine-78/iraq. Falling back to browser navigation. TypeError: Failed to fetch
    at y (http://localhost:3000/_next/static/chunks/5964-217149ecc4b4e5f3.js:1:134441)
    at _ (http://localhost:3000/_next/static/chunks/5964-217149ecc4b4e5f3.js:1:133352)
    at http://localhost:3000/_next/static/chunks/5964-217149ecc4b4e5f3.js:1:37885
    at Object.l [as task] (http://localhost:3000/_next/static/chunks/5964-217149ecc4b4e5f3.js:1:120934)
    at c.s (http://localhost:3000/_next/static/chunks/5964-217149ecc4b4e5f3.js:1:121639)
    at Object.l [as task] (http://localhost:3000/_next/static/chunks/5964-217149ecc4b4e5f3.js:1:120996) @ http://localhost:3000/_next/static/chunks/5964-217149ecc4b4e5f3.js:0
[  458344ms] [ERROR] Failed to load resource: net::ERR_CONNECTION_REFUSED @ http://localhost:3000/supply/mea-triazine-78/united-states?_rsc=1u2ju:0
[  458344ms] [ERROR] Failed to fetch RSC payload for http://localhost:3000/supply/mea-triazine-78/united-states. Falling back to browser navigation. TypeError: Failed to fetch
    at y (http://localhost:3000/_next/static/chunks/5964-217149ecc4b4e5f3.js:1:134441)
    at _ (http://localhost:3000/_next/static/chunks/5964-217149ecc4b4e5f3.js:1:133352)
    at http://localhost:3000/_next/static/chunks/5964-217149ecc4b4e5f3.js:1:37885
    at Object.l [as task] (http://localhost:3000/_next/static/chunks/5964-217149ecc4b4e5f3.js:1:120934)
    at c.s (http://localhost:3000/_next/static/chunks/5964-217149ecc4b4e5f3.js:1:121639)
    at Object.l [as task] (http://localhost:3000/_next/static/chunks/5964-217149ecc4b4e5f3.js:1:120996) @ http://localhost:3000/_next/static/chunks/5964-217149ecc4b4e5f3.js:0
[  458345ms] [ERROR] Failed to load resource: net::ERR_CONNECTION_REFUSED @ http://localhost:3000/supply/mea-triazine-78/vietnam?_rsc=1u2ju:0
[  458345ms] [ERROR] Failed to fetch RSC payload for http://localhost:3000/supply/mea-triazine-78/vietnam. Falling back to browser navigation. TypeError: Failed to fetch
    at y (http://localhost:3000/_next/static/chunks/5964-217149ecc4b4e5f3.js:1:134441)
    at _ (http://localhost:3000/_next/static/chunks/5964-217149ecc4b4e5f3.js:1:133352)
    at http://localhost:3000/_next/static/chunks/5964-217149ecc4b4e5f3.js:1:37885
    at Object.l [as task] (http://localhost:3000/_next/static/chunks/5964-217149ecc4b4e5f3.js:1:120934)
    at c.s (http://localhost:3000/_next/static/chunks/5964-217149ecc4b4e5f3.js:1:121639)
    at Object.l [as task] (http://localhost:3000/_next/static/chunks/5964-217149ecc4b4e5f3.js:1:120996) @ http://localhost:3000/_next/static/chunks/5964-217149ecc4b4e5f3.js:0
[  460679ms] [ERROR] Failed to load resource: net::ERR_CONNECTION_REFUSED @ http://localhost:3000/supply/mea-triazine-78/thailand?_rsc=1u2ju:0
[  460680ms] [ERROR] Failed to fetch RSC payload for http://localhost:3000/supply/mea-triazine-78/thailand. Falling back to browser navigation. TypeError: Failed to fetch
    at y (http://localhost:3000/_next/static/chunks/5964-217149ecc4b4e5f3.js:1:134441)
    at _ (http://localhost:3000/_next/static/chunks/5964-217149ecc4b4e5f3.js:1:133352)
    at http://localhost:3000/_next/static/chunks/5964-217149ecc4b4e5f3.js:1:37885
    at Object.l [as task] (http://localhost:3000/_next/static/chunks/5964-217149ecc4b4e5f3.js:1:120934)
    at c.s (http://localhost:3000/_next/static/chunks/5964-217149ecc4b4e5f3.js:1:121639)
    at Object.l [as task] (http://localhost:3000/_next/static/chunks/5964-217149ecc4b4e5f3.js:1:120996) @ http://localhost:3000/_next/static/chunks/5964-217149ecc4b4e5f3.js:0
[  460680ms] [ERROR] Failed to load resource: net::ERR_CONNECTION_REFUSED @ http://localhost:3000/supply/mea-triazine-78/brazil?_rsc=1u2ju:0
[  460680ms] [ERROR] Failed to fetch RSC payload for http://localhost:3000/supply/mea-triazine-78/brazil. Falling back to browser navigation. TypeError: Failed to fetch
    at y (http://localhost:3000/_next/static/chunks/5964-217149ecc4b4e5f3.js:1:134441)
    at _ (http://localhost:3000/_next/static/chunks/5964-217149ecc4b4e5f3.js:1:133352)
    at http://localhost:3000/_next/static/chunks/5964-217149ecc4b4e5f3.js:1:37885
    at Object.l [as task] (http://localhost:3000/_next/static/chunks/5964-217149ecc4b4e5f3.js:1:120934)
    at c.s (http://localhost:3000/_next/static/chunks/5964-217149ecc4b4e5f3.js:1:121639)
    at Object.l [as task] (http://localhost:3000/_next/static/chunks/5964-217149ecc4b4e5f3.js:1:120996) @ http://localhost:3000/_next/static/chunks/5964-217149ecc4b4e5f3.js:0
[  460681ms] [ERROR] Failed to load resource: net::ERR_CONNECTION_REFUSED @ http://localhost:3000/blog?_rsc=1u2ju:0
[  460681ms] [ERROR] Failed to fetch RSC payload for http://localhost:3000/blog. Falling back to browser navigation. TypeError: Failed to fetch
    at y (http://localhost:3000/_next/static/chunks/5964-217149ecc4b4e5f3.js:1:134441)
    at _ (http://localhost:3000/_next/static/chunks/5964-217149ecc4b4e5f3.js:1:133352)
    at http://localhost:3000/_next/static/chunks/5964-217149ecc4b4e5f3.js:1:37885
    at Object.l [as task] (http://localhost:3000/_next/static/chunks/5964-217149ecc4b4e5f3.js:1:120934)
    at c.s (http://localhost:3000/_next/static/chunks/5964-217149ecc4b4e5f3.js:1:121639)
    at Object.l [as task] (http://localhost:3000/_next/static/chunks/5964-217149ecc4b4e5f3.js:1:120996) @ http://localhost:3000/_next/static/chunks/5964-217149ecc4b4e5f3.js:0
[  460696ms] [ERROR] Failed to load resource: net::ERR_CONNECTION_REFUSED @ http://localhost:3000/contact?_rsc=1u2ju:0
[  460696ms] [ERROR] Failed to fetch RSC payload for http://localhost:3000/contact. Falling back to browser navigation. TypeError: Failed to fetch
    at y (http://localhost:3000/_next/static/chunks/5964-217149ecc4b4e5f3.js:1:134441)
    at _ (http://localhost:3000/_next/static/chunks/5964-217149ecc4b4e5f3.js:1:133352)
    at http://localhost:3000/_next/static/chunks/5964-217149ecc4b4e5f3.js:1:37885
    at Object.l [as task] (http://localhost:3000/_next/static/chunks/5964-217149ecc4b4e5f3.js:1:120934)
    at c.s (http://localhost:3000/_next/static/chunks/5964-217149ecc4b4e5f3.js:1:121639)
    at Object.l [as task] (http://localhost:3000/_next/static/chunks/5964-217149ecc4b4e5f3.js:1:120996) @ http://localhost:3000/_next/static/chunks/5964-217149ecc4b4e5f3.js:0
[  460696ms] [ERROR] Failed to load resource: net::ERR_CONNECTION_REFUSED @ http://localhost:3000/applications/gas-sweetening?_rsc=1u2ju:0
[  460696ms] [ERROR] Failed to fetch RSC payload for http://localhost:3000/applications/gas-sweetening. Falling back to browser navigation. TypeError: Failed to fetch
    at y (http://localhost:3000/_next/static/chunks/5964-217149ecc4b4e5f3.js:1:134441)
    at _ (http://localhost:3000/_next/static/chunks/5964-217149ecc4b4e5f3.js:1:133352)
    at http://localhost:3000/_next/static/chunks/5964-217149ecc4b4e5f3.js:1:37885
    at Object.l [as task] (http://localhost:3000/_next/static/chunks/5964-217149ecc4b4e5f3.js:1:120934)
    at c.s (http://localhost:3000/_next/static/chunks/5964-217149ecc4b4e5f3.js:1:121639)
    at Object.l [as task] (http://localhost:3000/_next/static/chunks/5964-217149ecc4b4e5f3.js:1:120996) @ http://localhost:3000/_next/static/chunks/5964-217149ecc4b4e5f3.js:0
[  460696ms] [ERROR] Failed to load resource: net::ERR_CONNECTION_REFUSED @ http://localhost:3000/applications/pipeline-h2s-treatment?_rsc=1u2ju:0
[  460696ms] [ERROR] Failed to fetch RSC payload for http://localhost:3000/applications/pipeline-h2s-treatment. Falling back to browser navigation. TypeError: Failed to fetch
    at y (http://localhost:3000/_next/static/chunks/5964-217149ecc4b4e5f3.js:1:134441)
    at _ (http://localhost:3000/_next/static/chunks/5964-217149ecc4b4e5f3.js:1:133352)
    at http://localhost:3000/_next/static/chunks/5964-217149ecc4b4e5f3.js:1:37885
    at Object.l [as task] (http://localhost:3000/_next/static/chunks/5964-217149ecc4b4e5f3.js:1:120934)
    at c.s (http://localhost:3000/_next/static/chunks/5964-217149ecc4b4e5f3.js:1:121639)
    at Object.l [as task] (http://localhost:3000/_next/static/chunks/5964-217149ecc4b4e5f3.js:1:120996) @ http://localhost:3000/_next/static/chunks/5964-217149ecc4b4e5f3.js:0
[  463020ms] [ERROR] Failed to load resource: net::ERR_CONNECTION_REFUSED @ http://localhost:3000/applications/biogas-h2s-removal?_rsc=1u2ju:0
[  463020ms] [ERROR] Failed to fetch RSC payload for http://localhost:3000/applications/biogas-h2s-removal. Falling back to browser navigation. TypeError: Failed to fetch
    at y (http://localhost:3000/_next/static/chunks/5964-217149ecc4b4e5f3.js:1:134441)
    at _ (http://localhost:3000/_next/static/chunks/5964-217149ecc4b4e5f3.js:1:133352)
    at http://localhost:3000/_next/static/chunks/5964-217149ecc4b4e5f3.js:1:37885
    at Object.l [as task] (http://localhost:3000/_next/static/chunks/5964-217149ecc4b4e5f3.js:1:120934)
    at c.s (http://localhost:3000/_next/static/chunks/5964-217149ecc4b4e5f3.js:1:121639)
    at Object.l [as task] (http://localhost:3000/_next/static/chunks/5964-217149ecc4b4e5f3.js:1:120996) @ http://localhost:3000/_next/static/chunks/5964-217149ecc4b4e5f3.js:0
[  463036ms] [ERROR] Failed to load resource: net::ERR_CONNECTION_REFUSED @ http://localhost:3000/case-study?_rsc=1u2ju:0
[  463036ms] [ERROR] Failed to fetch RSC payload for http://localhost:3000/case-study. Falling back to browser navigation. TypeError: Failed to fetch
    at y (http://localhost:3000/_next/static/chunks/5964-217149ecc4b4e5f3.js:1:134441)
    at _ (http://localhost:3000/_next/static/chunks/5964-217149ecc4b4e5f3.js:1:133352)
    at http://localhost:3000/_next/static/chunks/5964-217149ecc4b4e5f3.js:1:37885
    at Object.l [as task] (http://localhost:3000/_next/static/chunks/5964-217149ecc4b4e5f3.js:1:120934)
    at c.s (http://localhost:3000/_next/static/chunks/5964-217149ecc4b4e5f3.js:1:121639)
    at Object.l [as task] (http://localhost:3000/_next/static/chunks/5964-217149ecc4b4e5f3.js:1:120996) @ http://localhost:3000/_next/static/chunks/5964-217149ecc4b4e5f3.js:0
