[  140135ms] [ERROR] Failed to load resource: the server responded with a status of 400 (Bad Request) @ http://localhost:3000/_next/image?url=%2Fimages%2Fvcp-logo.png&w=64&q=75:0
[  140136ms] [ERROR] Failed to load resource: the server responded with a status of 400 (Bad Request) @ http://localhost:3000/_next/image?url=%2Fimages%2Fvcp-name.png&w=256&q=75:0
[  140499ms] EvalError: Evaluating a string as JavaScript violates the following Content Security Policy directive because 'unsafe-eval' is not an allowed source of script: script-src 'self' 'unsafe-inline' https://challenges.cloudflare.com https://www.google.com https://www.gstatic.com".

    at (app-pages-browser)/./node_modules/next/dist/compiled/@next/react-refresh-utils/dist/runtime.js (http://localhost:3000/_next/static/chunks/main-app.js?v=1773493644593:1095:26)
    at options.factory (http://localhost:3000/_next/static/chunks/webpack.js?v=1773493644593:704:31)
    at __webpack_require__ (http://localhost:3000/_next/static/chunks/webpack.js?v=1773493644593:29:33)
    at __webpack_exec__ (http://localhost:3000/_next/static/chunks/main-app.js?v=1773493644593:1790:48)
    at http://localhost:3000/_next/static/chunks/main-app.js?v=1773493644593:1791:37
    at webpackJsonpCallback (http://localhost:3000/_next/static/chunks/webpack.js?v=1773493644593:1380:39)
    at http://localhost:3000/_next/static/chunks/main-app.js?v=1773493644593:9:61
[  147409ms] EvalError: Evaluating a string as JavaScript violates the following Content Security Policy directive because 'unsafe-eval' is not an allowed source of script: script-src 'self' 'unsafe-inline' https://challenges.cloudflare.com https://www.google.com https://www.gstatic.com".

    at (app-pages-browser)/./node_modules/next/dist/compiled/@next/react-refresh-utils/dist/runtime.js (http://localhost:3000/_next/static/chunks/main-app.js?v=1773493651096:1095:26)
    at options.factory (http://localhost:3000/_next/static/chunks/webpack.js?v=1773493651096:704:31)
    at __webpack_require__ (http://localhost:3000/_next/static/chunks/webpack.js?v=1773493651096:29:33)
    at __webpack_exec__ (http://localhost:3000/_next/static/chunks/main-app.js?v=1773493651096:1790:48)
    at http://localhost:3000/_next/static/chunks/main-app.js?v=1773493651096:1791:37
    at webpackJsonpCallback (http://localhost:3000/_next/static/chunks/webpack.js?v=1773493651096:1380:39)
    at http://localhost:3000/_next/static/chunks/main-app.js?v=1773493651096:9:61
[  147463ms] [ERROR] Failed to load resource: the server responded with a status of 400 (Bad Request) @ http://localhost:3000/_next/image?url=%2Fimages%2Fvcp-logo.png&w=64&q=75:0
[  147465ms] [ERROR] Failed to load resource: the server responded with a status of 400 (Bad Request) @ http://localhost:3000/_next/image?url=%2Fimages%2Fvcp-name.png&w=256&q=75:0
[  150293ms] EvalError: Evaluating a string as JavaScript violates the following Content Security Policy directive because 'unsafe-eval' is not an allowed source of script: script-src 'self' 'unsafe-inline' https://challenges.cloudflare.com https://www.google.com https://www.gstatic.com".

    at (app-pages-browser)/./node_modules/next/dist/compiled/@next/react-refresh-utils/dist/runtime.js (http://localhost:3000/_next/static/chunks/main-app.js?v=1773493654384:1095:26)
    at options.factory (http://localhost:3000/_next/static/chunks/webpack.js?v=1773493654384:704:31)
    at __webpack_require__ (http://localhost:3000/_next/static/chunks/webpack.js?v=1773493654384:29:33)
    at __webpack_exec__ (http://localhost:3000/_next/static/chunks/main-app.js?v=1773493654384:1790:48)
    at http://localhost:3000/_next/static/chunks/main-app.js?v=1773493654384:1791:37
    at webpackJsonpCallback (http://localhost:3000/_next/static/chunks/webpack.js?v=1773493654384:1380:39)
    at http://localhost:3000/_next/static/chunks/main-app.js?v=1773493654384:9:61
[  150465ms] [ERROR] Failed to load resource: the server responded with a status of 400 (Bad Request) @ http://localhost:3000/_next/image?url=%2Fimages%2Fvcp-name.png&w=256&q=75:0
[  150467ms] [ERROR] Failed to load resource: the server responded with a status of 400 (Bad Request) @ http://localhost:3000/_next/image?url=%2Fimages%2Fvcp-logo.png&w=64&q=75:0
[  153529ms] EvalError: Evaluating a string as JavaScript violates the following Content Security Policy directive because 'unsafe-eval' is not an allowed source of script: script-src 'self' 'unsafe-inline' https://challenges.cloudflare.com https://www.google.com https://www.gstatic.com".

    at (app-pages-browser)/./node_modules/next/dist/compiled/@next/react-refresh-utils/dist/runtime.js (http://localhost:3000/_next/static/chunks/main-app.js?v=1773493657411:1095:26)
    at options.factory (http://localhost:3000/_next/static/chunks/webpack.js?v=1773493657411:704:31)
    at __webpack_require__ (http://localhost:3000/_next/static/chunks/webpack.js?v=1773493657411:29:33)
    at __webpack_exec__ (http://localhost:3000/_next/static/chunks/main-app.js?v=1773493657411:1790:48)
    at http://localhost:3000/_next/static/chunks/main-app.js?v=1773493657411:1791:37
    at webpackJsonpCallback (http://localhost:3000/_next/static/chunks/webpack.js?v=1773493657411:1380:39)
    at http://localhost:3000/_next/static/chunks/main-app.js?v=1773493657411:9:61
[  153567ms] [ERROR] Failed to load resource: the server responded with a status of 400 (Bad Request) @ http://localhost:3000/_next/image?url=%2Fimages%2Fvcp-logo.png&w=64&q=75:0
[  153569ms] [ERROR] Failed to load resource: the server responded with a status of 400 (Bad Request) @ http://localhost:3000/_next/image?url=%2Fimages%2Fvcp-name.png&w=256&q=75:0
[  156584ms] [ERROR] Failed to load resource: the server responded with a status of 400 (Bad Request) @ http://localhost:3000/_next/image?url=%2Fimages%2Fvcp-logo.png&w=64&q=75:0
[  156595ms] [ERROR] Failed to load resource: the server responded with a status of 400 (Bad Request) @ http://localhost:3000/_next/image?url=%2Fimages%2Fvcp-name.png&w=256&q=75:0
[  156941ms] EvalError: Evaluating a string as JavaScript violates the following Content Security Policy directive because 'unsafe-eval' is not an allowed source of script: script-src 'self' 'unsafe-inline' https://challenges.cloudflare.com https://www.google.com https://www.gstatic.com".

    at (app-pages-browser)/./node_modules/next/dist/compiled/@next/react-refresh-utils/dist/runtime.js (http://localhost:3000/_next/static/chunks/main-app.js?v=1773493660906:1095:26)
    at options.factory (http://localhost:3000/_next/static/chunks/webpack.js?v=1773493660906:704:31)
    at __webpack_require__ (http://localhost:3000/_next/static/chunks/webpack.js?v=1773493660906:29:33)
    at __webpack_exec__ (http://localhost:3000/_next/static/chunks/main-app.js?v=1773493660906:1790:48)
    at http://localhost:3000/_next/static/chunks/main-app.js?v=1773493660906:1791:37
    at webpackJsonpCallback (http://localhost:3000/_next/static/chunks/webpack.js?v=1773493660906:1380:39)
    at http://localhost:3000/_next/static/chunks/main-app.js?v=1773493660906:9:61
[  160454ms] [ERROR] Failed to load resource: the server responded with a status of 400 (Bad Request) @ http://localhost:3000/_next/image?url=%2Fimages%2Fvcp-logo.png&w=64&q=75:0
[  160470ms] [ERROR] Failed to load resource: the server responded with a status of 400 (Bad Request) @ http://localhost:3000/_next/image?url=%2Fimages%2Fvcp-name.png&w=256&q=75:0
[  161504ms] EvalError: Evaluating a string as JavaScript violates the following Content Security Policy directive because 'unsafe-eval' is not an allowed source of script: script-src 'self' 'unsafe-inline' https://challenges.cloudflare.com https://www.google.com https://www.gstatic.com".

    at (app-pages-browser)/./node_modules/next/dist/compiled/@next/react-refresh-utils/dist/runtime.js (http://localhost:3000/_next/static/chunks/main-app.js?v=1773493663995:1095:26)
    at options.factory (http://localhost:3000/_next/static/chunks/webpack.js?v=1773493663995:704:31)
    at __webpack_require__ (http://localhost:3000/_next/static/chunks/webpack.js?v=1773493663995:29:33)
    at __webpack_exec__ (http://localhost:3000/_next/static/chunks/main-app.js?v=1773493663995:1790:48)
    at http://localhost:3000/_next/static/chunks/main-app.js?v=1773493663995:1791:37
    at webpackJsonpCallback (http://localhost:3000/_next/static/chunks/webpack.js?v=1773493663995:1380:39)
    at http://localhost:3000/_next/static/chunks/main-app.js?v=1773493663995:9:61
[  164577ms] [ERROR] Failed to load resource: the server responded with a status of 400 (Bad Request) @ http://localhost:3000/_next/image?url=%2Fimages%2Fvcp-logo.png&w=64&q=75:0
[  164603ms] [ERROR] Failed to load resource: the server responded with a status of 400 (Bad Request) @ http://localhost:3000/_next/image?url=%2Fimages%2Fvcp-name.png&w=256&q=75:0
[  165285ms] EvalError: Evaluating a string as JavaScript violates the following Content Security Policy directive because 'unsafe-eval' is not an allowed source of script: script-src 'self' 'unsafe-inline' https://challenges.cloudflare.com https://www.google.com https://www.gstatic.com".

    at (app-pages-browser)/./node_modules/next/dist/compiled/@next/react-refresh-utils/dist/runtime.js (http://localhost:3000/_next/static/chunks/main-app.js?v=1773493668743:1095:26)
    at options.factory (http://localhost:3000/_next/static/chunks/webpack.js?v=1773493668743:704:31)
    at __webpack_require__ (http://localhost:3000/_next/static/chunks/webpack.js?v=1773493668743:29:33)
    at __webpack_exec__ (http://localhost:3000/_next/static/chunks/main-app.js?v=1773493668743:1790:48)
    at http://localhost:3000/_next/static/chunks/main-app.js?v=1773493668743:1791:37
    at webpackJsonpCallback (http://localhost:3000/_next/static/chunks/webpack.js?v=1773493668743:1380:39)
    at http://localhost:3000/_next/static/chunks/main-app.js?v=1773493668743:9:61
[  169242ms] [ERROR] Failed to load resource: the server responded with a status of 400 (Bad Request) @ http://localhost:3000/_next/image?url=%2Fimages%2Fvcp-logo.png&w=64&q=75:0
[  169248ms] [ERROR] Failed to load resource: the server responded with a status of 400 (Bad Request) @ http://localhost:3000/_next/image?url=%2Fimages%2Fvcp-name.png&w=256&q=75:0
[  169841ms] EvalError: Evaluating a string as JavaScript violates the following Content Security Policy directive because 'unsafe-eval' is not an allowed source of script: script-src 'self' 'unsafe-inline' https://challenges.cloudflare.com https://www.google.com https://www.gstatic.com".

    at (app-pages-browser)/./node_modules/next/dist/compiled/@next/react-refresh-utils/dist/runtime.js (http://localhost:3000/_next/static/chunks/main-app.js?v=1773493673337:1095:26)
    at options.factory (http://localhost:3000/_next/static/chunks/webpack.js?v=1773493673337:704:31)
    at __webpack_require__ (http://localhost:3000/_next/static/chunks/webpack.js?v=1773493673337:29:33)
    at __webpack_exec__ (http://localhost:3000/_next/static/chunks/main-app.js?v=1773493673337:1790:48)
    at http://localhost:3000/_next/static/chunks/main-app.js?v=1773493673337:1791:37
    at webpackJsonpCallback (http://localhost:3000/_next/static/chunks/webpack.js?v=1773493673337:1380:39)
    at http://localhost:3000/_next/static/chunks/main-app.js?v=1773493673337:9:61
[  186024ms] [ERROR] Failed to load resource: the server responded with a status of 400 (Bad Request) @ http://localhost:3000/_next/image?url=%2Fimages%2Fvcp-logo.png&w=64&q=75:0
[  186032ms] [ERROR] Failed to load resource: the server responded with a status of 400 (Bad Request) @ http://localhost:3000/_next/image?url=%2Fimages%2Fvcp-name.png&w=256&q=75:0
[  186831ms] EvalError: Evaluating a string as JavaScript violates the following Content Security Policy directive because 'unsafe-eval' is not an allowed source of script: script-src 'self' 'unsafe-inline' https://challenges.cloudflare.com https://www.google.com https://www.gstatic.com".

    at (app-pages-browser)/./node_modules/next/dist/compiled/@next/react-refresh-utils/dist/runtime.js (http://localhost:3000/_next/static/chunks/main-app.js?v=1773493688602:1095:26)
    at options.factory (http://localhost:3000/_next/static/chunks/webpack.js?v=1773493688602:704:31)
    at __webpack_require__ (http://localhost:3000/_next/static/chunks/webpack.js?v=1773493688602:29:33)
    at __webpack_exec__ (http://localhost:3000/_next/static/chunks/main-app.js?v=1773493688602:1790:48)
    at http://localhost:3000/_next/static/chunks/main-app.js?v=1773493688602:1791:37
    at webpackJsonpCallback (http://localhost:3000/_next/static/chunks/webpack.js?v=1773493688602:1380:39)
    at http://localhost:3000/_next/static/chunks/main-app.js?v=1773493688602:9:61
[  196738ms] [ERROR] Failed to load resource: the server responded with a status of 400 (Bad Request) @ http://localhost:3000/_next/image?url=%2Fimages%2Fvcp-name.png&w=256&q=75:0
[  196742ms] [ERROR] Failed to load resource: the server responded with a status of 400 (Bad Request) @ http://localhost:3000/_next/image?url=%2Fimages%2Fvcp-logo.png&w=64&q=75:0
[  197427ms] EvalError: Evaluating a string as JavaScript violates the following Content Security Policy directive because 'unsafe-eval' is not an allowed source of script: script-src 'self' 'unsafe-inline' https://challenges.cloudflare.com https://www.google.com https://www.gstatic.com".

    at (app-pages-browser)/./node_modules/next/dist/compiled/@next/react-refresh-utils/dist/runtime.js (http://localhost:3000/_next/static/chunks/main-app.js?v=1773493701050:1095:26)
    at options.factory (http://localhost:3000/_next/static/chunks/webpack.js?v=1773493701050:704:31)
    at __webpack_require__ (http://localhost:3000/_next/static/chunks/webpack.js?v=1773493701050:29:33)
    at __webpack_exec__ (http://localhost:3000/_next/static/chunks/main-app.js?v=1773493701050:1790:48)
    at http://localhost:3000/_next/static/chunks/main-app.js?v=1773493701050:1791:37
    at webpackJsonpCallback (http://localhost:3000/_next/static/chunks/webpack.js?v=1773493701050:1380:39)
    at http://localhost:3000/_next/static/chunks/main-app.js?v=1773493701050:9:61
[  205604ms] [ERROR] Failed to load resource: the server responded with a status of 400 (Bad Request) @ http://localhost:3000/_next/image?url=%2Fimages%2Fvcp-logo.png&w=64&q=75:0
[  205605ms] [ERROR] Failed to load resource: the server responded with a status of 400 (Bad Request) @ http://localhost:3000/_next/image?url=%2Fimages%2Fvcp-name.png&w=256&q=75:0
[  206198ms] EvalError: Evaluating a string as JavaScript violates the following Content Security Policy directive because 'unsafe-eval' is not an allowed source of script: script-src 'self' 'unsafe-inline' https://challenges.cloudflare.com https://www.google.com https://www.gstatic.com".

    at (app-pages-browser)/./node_modules/next/dist/compiled/@next/react-refresh-utils/dist/runtime.js (http://localhost:3000/_next/static/chunks/main-app.js?v=1773493710032:1095:26)
    at options.factory (http://localhost:3000/_next/static/chunks/webpack.js?v=1773493710032:704:31)
    at __webpack_require__ (http://localhost:3000/_next/static/chunks/webpack.js?v=1773493710032:29:33)
    at __webpack_exec__ (http://localhost:3000/_next/static/chunks/main-app.js?v=1773493710032:1790:48)
    at http://localhost:3000/_next/static/chunks/main-app.js?v=1773493710032:1791:37
    at webpackJsonpCallback (http://localhost:3000/_next/static/chunks/webpack.js?v=1773493710032:1380:39)
    at http://localhost:3000/_next/static/chunks/main-app.js?v=1773493710032:9:61
[  215047ms] [ERROR] Failed to load resource: the server responded with a status of 400 (Bad Request) @ http://localhost:3000/_next/image?url=%2Fimages%2Fvcp-logo.png&w=64&q=75:0
[  215050ms] [ERROR] Failed to load resource: the server responded with a status of 400 (Bad Request) @ http://localhost:3000/_next/image?url=%2Fimages%2Fvcp-name.png&w=256&q=75:0
[  215637ms] EvalError: Evaluating a string as JavaScript violates the following Content Security Policy directive because 'unsafe-eval' is not an allowed source of script: script-src 'self' 'unsafe-inline' https://challenges.cloudflare.com https://www.google.com https://www.gstatic.com".

    at (app-pages-browser)/./node_modules/next/dist/compiled/@next/react-refresh-utils/dist/runtime.js (http://localhost:3000/_next/static/chunks/main-app.js?v=1773493719319:1095:26)
    at options.factory (http://localhost:3000/_next/static/chunks/webpack.js?v=1773493719319:704:31)
    at __webpack_require__ (http://localhost:3000/_next/static/chunks/webpack.js?v=1773493719319:29:33)
    at __webpack_exec__ (http://localhost:3000/_next/static/chunks/main-app.js?v=1773493719319:1790:48)
    at http://localhost:3000/_next/static/chunks/main-app.js?v=1773493719319:1791:37
    at webpackJsonpCallback (http://localhost:3000/_next/static/chunks/webpack.js?v=1773493719319:1380:39)
    at http://localhost:3000/_next/static/chunks/main-app.js?v=1773493719319:9:61
[  369159ms] EvalError: Evaluating a string as JavaScript violates the following Content Security Policy directive because 'unsafe-eval' is not an allowed source of script: script-src 'self' 'unsafe-inline' https://challenges.cloudflare.com https://www.google.com https://www.gstatic.com".

    at (app-pages-browser)/./node_modules/next/dist/compiled/@next/react-refresh-utils/dist/runtime.js (http://localhost:3000/_next/static/chunks/main-app.js?v=1773493861039:1095:26)
    at options.factory (http://localhost:3000/_next/static/chunks/webpack.js?v=1773493861039:704:31)
    at __webpack_require__ (http://localhost:3000/_next/static/chunks/webpack.js?v=1773493861039:29:33)
    at __webpack_exec__ (http://localhost:3000/_next/static/chunks/main-app.js?v=1773493861039:1790:48)
    at http://localhost:3000/_next/static/chunks/main-app.js?v=1773493861039:1791:37
    at webpackJsonpCallback (http://localhost:3000/_next/static/chunks/webpack.js?v=1773493861039:1380:39)
    at http://localhost:3000/_next/static/chunks/main-app.js?v=1773493861039:9:61
[  405622ms] EvalError: Evaluating a string as JavaScript violates the following Content Security Policy directive because 'unsafe-eval' is not an allowed source of script: script-src 'self' 'unsafe-inline' https://challenges.cloudflare.com https://www.google.com https://www.gstatic.com".

    at (app-pages-browser)/./node_modules/next/dist/compiled/@next/react-refresh-utils/dist/runtime.js (http://localhost:3000/_next/static/chunks/main-app.js?v=1773493906369:1095:26)
    at options.factory (http://localhost:3000/_next/static/chunks/webpack.js?v=1773493906369:704:31)
    at __webpack_require__ (http://localhost:3000/_next/static/chunks/webpack.js?v=1773493906369:29:33)
    at __webpack_exec__ (http://localhost:3000/_next/static/chunks/main-app.js?v=1773493906369:1790:48)
    at http://localhost:3000/_next/static/chunks/main-app.js?v=1773493906369:1791:37
    at webpackJsonpCallback (http://localhost:3000/_next/static/chunks/webpack.js?v=1773493906369:1380:39)
    at http://localhost:3000/_next/static/chunks/main-app.js?v=1773493906369:9:61
[  419542ms] EvalError: Evaluating a string as JavaScript violates the following Content Security Policy directive because 'unsafe-eval' is not an allowed source of script: script-src 'self' 'unsafe-inline' https://challenges.cloudflare.com https://www.google.com https://www.gstatic.com".

    at (app-pages-browser)/./node_modules/next/dist/compiled/@next/react-refresh-utils/dist/runtime.js (http://localhost:3000/_next/static/chunks/main-app.js?v=1773493917814:1095:26)
    at options.factory (http://localhost:3000/_next/static/chunks/webpack.js?v=1773493917814:704:31)
    at __webpack_require__ (http://localhost:3000/_next/static/chunks/webpack.js?v=1773493917814:29:33)
    at __webpack_exec__ (http://localhost:3000/_next/static/chunks/main-app.js?v=1773493917814:1790:48)
    at http://localhost:3000/_next/static/chunks/main-app.js?v=1773493917814:1791:37
    at webpackJsonpCallback (http://localhost:3000/_next/static/chunks/webpack.js?v=1773493917814:1380:39)
    at http://localhost:3000/_next/static/chunks/main-app.js?v=1773493917814:9:61
[  426550ms] EvalError: Evaluating a string as JavaScript violates the following Content Security Policy directive because 'unsafe-eval' is not an allowed source of script: script-src 'self' 'unsafe-inline' https://challenges.cloudflare.com https://www.google.com https://www.gstatic.com".

    at (app-pages-browser)/./node_modules/next/dist/compiled/@next/react-refresh-utils/dist/runtime.js (http://localhost:3000/_next/static/chunks/main-app.js?v=1773493928071:1095:26)
    at options.factory (http://localhost:3000/_next/static/chunks/webpack.js?v=1773493928071:704:31)
    at __webpack_require__ (http://localhost:3000/_next/static/chunks/webpack.js?v=1773493928071:29:33)
    at __webpack_exec__ (http://localhost:3000/_next/static/chunks/main-app.js?v=1773493928071:1790:48)
    at http://localhost:3000/_next/static/chunks/main-app.js?v=1773493928071:1791:37
    at webpackJsonpCallback (http://localhost:3000/_next/static/chunks/webpack.js?v=1773493928071:1380:39)
    at http://localhost:3000/_next/static/chunks/main-app.js?v=1773493928071:9:61
[  434791ms] EvalError: Evaluating a string as JavaScript violates the following Content Security Policy directive because 'unsafe-eval' is not an allowed source of script: script-src 'self' 'unsafe-inline' https://challenges.cloudflare.com https://www.google.com https://www.gstatic.com".

    at (app-pages-browser)/./node_modules/next/dist/compiled/@next/react-refresh-utils/dist/runtime.js (http://localhost:3000/_next/static/chunks/main-app.js?v=1773493935020:1095:26)
    at options.factory (http://localhost:3000/_next/static/chunks/webpack.js?v=1773493935020:704:31)
    at __webpack_require__ (http://localhost:3000/_next/static/chunks/webpack.js?v=1773493935020:29:33)
    at __webpack_exec__ (http://localhost:3000/_next/static/chunks/main-app.js?v=1773493935020:1790:48)
    at http://localhost:3000/_next/static/chunks/main-app.js?v=1773493935020:1791:37
    at webpackJsonpCallback (http://localhost:3000/_next/static/chunks/webpack.js?v=1773493935020:1380:39)
    at http://localhost:3000/_next/static/chunks/main-app.js?v=1773493935020:9:61
[  441722ms] EvalError: Evaluating a string as JavaScript violates the following Content Security Policy directive because 'unsafe-eval' is not an allowed source of script: script-src 'self' 'unsafe-inline' https://challenges.cloudflare.com https://www.google.com https://www.gstatic.com".

    at (app-pages-browser)/./node_modules/next/dist/compiled/@next/react-refresh-utils/dist/runtime.js (http://localhost:3000/_next/static/chunks/main-app.js?v=1773493942827:1095:26)
    at options.factory (http://localhost:3000/_next/static/chunks/webpack.js?v=1773493942827:704:31)
    at __webpack_require__ (http://localhost:3000/_next/static/chunks/webpack.js?v=1773493942827:29:33)
    at __webpack_exec__ (http://localhost:3000/_next/static/chunks/main-app.js?v=1773493942827:1790:48)
    at http://localhost:3000/_next/static/chunks/main-app.js?v=1773493942827:1791:37
    at webpackJsonpCallback (http://localhost:3000/_next/static/chunks/webpack.js?v=1773493942827:1380:39)
    at http://localhost:3000/_next/static/chunks/main-app.js?v=1773493942827:9:61
[  452375ms] EvalError: Evaluating a string as JavaScript violates the following Content Security Policy directive because 'unsafe-eval' is not an allowed source of script: script-src 'self' 'unsafe-inline' https://challenges.cloudflare.com https://www.google.com https://www.gstatic.com".

    at (app-pages-browser)/./node_modules/next/dist/compiled/@next/react-refresh-utils/dist/runtime.js (http://localhost:3000/_next/static/chunks/main-app.js?v=1773493950270:1095:26)
    at options.factory (http://localhost:3000/_next/static/chunks/webpack.js?v=1773493950270:704:31)
    at __webpack_require__ (http://localhost:3000/_next/static/chunks/webpack.js?v=1773493950270:29:33)
    at __webpack_exec__ (http://localhost:3000/_next/static/chunks/main-app.js?v=1773493950270:1790:48)
    at http://localhost:3000/_next/static/chunks/main-app.js?v=1773493950270:1791:37
    at webpackJsonpCallback (http://localhost:3000/_next/static/chunks/webpack.js?v=1773493950270:1380:39)
    at http://localhost:3000/_next/static/chunks/main-app.js?v=1773493950270:9:61
[  459791ms] EvalError: Evaluating a string as JavaScript violates the following Content Security Policy directive because 'unsafe-eval' is not an allowed source of script: script-src 'self' 'unsafe-inline' https://challenges.cloudflare.com https://www.google.com https://www.gstatic.com".

    at (app-pages-browser)/./node_modules/next/dist/compiled/@next/react-refresh-utils/dist/runtime.js (http://localhost:3000/_next/static/chunks/main-app.js?v=1773493960613:1095:26)
    at options.factory (http://localhost:3000/_next/static/chunks/webpack.js?v=1773493960613:704:31)
    at __webpack_require__ (http://localhost:3000/_next/static/chunks/webpack.js?v=1773493960613:29:33)
    at __webpack_exec__ (http://localhost:3000/_next/static/chunks/main-app.js?v=1773493960613:1790:48)
    at http://localhost:3000/_next/static/chunks/main-app.js?v=1773493960613:1791:37
    at webpackJsonpCallback (http://localhost:3000/_next/static/chunks/webpack.js?v=1773493960613:1380:39)
    at http://localhost:3000/_next/static/chunks/main-app.js?v=1773493960613:9:61
[  466725ms] EvalError: Evaluating a string as JavaScript violates the following Content Security Policy directive because 'unsafe-eval' is not an allowed source of script: script-src 'self' 'unsafe-inline' https://challenges.cloudflare.com https://www.google.com https://www.gstatic.com".

    at (app-pages-browser)/./node_modules/next/dist/compiled/@next/react-refresh-utils/dist/runtime.js (http://localhost:3000/_next/static/chunks/main-app.js?v=1773493968188:1095:26)
    at options.factory (http://localhost:3000/_next/static/chunks/webpack.js?v=1773493968188:704:31)
    at __webpack_require__ (http://localhost:3000/_next/static/chunks/webpack.js?v=1773493968188:29:33)
    at __webpack_exec__ (http://localhost:3000/_next/static/chunks/main-app.js?v=1773493968188:1790:48)
    at http://localhost:3000/_next/static/chunks/main-app.js?v=1773493968188:1791:37
    at webpackJsonpCallback (http://localhost:3000/_next/static/chunks/webpack.js?v=1773493968188:1380:39)
    at http://localhost:3000/_next/static/chunks/main-app.js?v=1773493968188:9:61
[  475707ms] EvalError: Evaluating a string as JavaScript violates the following Content Security Policy directive because 'unsafe-eval' is not an allowed source of script: script-src 'self' 'unsafe-inline' https://challenges.cloudflare.com https://www.google.com https://www.gstatic.com".

    at (app-pages-browser)/./node_modules/next/dist/compiled/@next/react-refresh-utils/dist/runtime.js (http://localhost:3000/_next/static/chunks/main-app.js?v=1773493976522:1095:26)
    at options.factory (http://localhost:3000/_next/static/chunks/webpack.js?v=1773493976522:704:31)
    at __webpack_require__ (http://localhost:3000/_next/static/chunks/webpack.js?v=1773493976522:29:33)
    at __webpack_exec__ (http://localhost:3000/_next/static/chunks/main-app.js?v=1773493976522:1790:48)
    at http://localhost:3000/_next/static/chunks/main-app.js?v=1773493976522:1791:37
    at webpackJsonpCallback (http://localhost:3000/_next/static/chunks/webpack.js?v=1773493976522:1380:39)
    at http://localhost:3000/_next/static/chunks/main-app.js?v=1773493976522:9:61
[  483989ms] EvalError: Evaluating a string as JavaScript violates the following Content Security Policy directive because 'unsafe-eval' is not an allowed source of script: script-src 'self' 'unsafe-inline' https://challenges.cloudflare.com https://www.google.com https://www.gstatic.com".

    at (app-pages-browser)/./node_modules/next/dist/compiled/@next/react-refresh-utils/dist/runtime.js (http://localhost:3000/_next/static/chunks/main-app.js?v=1773493984975:1095:26)
    at options.factory (http://localhost:3000/_next/static/chunks/webpack.js?v=1773493984975:704:31)
    at __webpack_require__ (http://localhost:3000/_next/static/chunks/webpack.js?v=1773493984975:29:33)
    at __webpack_exec__ (http://localhost:3000/_next/static/chunks/main-app.js?v=1773493984975:1790:48)
    at http://localhost:3000/_next/static/chunks/main-app.js?v=1773493984975:1791:37
    at webpackJsonpCallback (http://localhost:3000/_next/static/chunks/webpack.js?v=1773493984975:1380:39)
    at http://localhost:3000/_next/static/chunks/main-app.js?v=1773493984975:9:61
[  491270ms] EvalError: Evaluating a string as JavaScript violates the following Content Security Policy directive because 'unsafe-eval' is not an allowed source of script: script-src 'self' 'unsafe-inline' https://challenges.cloudflare.com https://www.google.com https://www.gstatic.com".

    at (app-pages-browser)/./node_modules/next/dist/compiled/@next/react-refresh-utils/dist/runtime.js (http://localhost:3000/_next/static/chunks/main-app.js?v=1773493992214:1095:26)
    at options.factory (http://localhost:3000/_next/static/chunks/webpack.js?v=1773493992214:704:31)
    at __webpack_require__ (http://localhost:3000/_next/static/chunks/webpack.js?v=1773493992214:29:33)
    at __webpack_exec__ (http://localhost:3000/_next/static/chunks/main-app.js?v=1773493992214:1790:48)
    at http://localhost:3000/_next/static/chunks/main-app.js?v=1773493992214:1791:37
    at webpackJsonpCallback (http://localhost:3000/_next/static/chunks/webpack.js?v=1773493992214:1380:39)
    at http://localhost:3000/_next/static/chunks/main-app.js?v=1773493992214:9:61
[  503725ms] EvalError: Evaluating a string as JavaScript violates the following Content Security Policy directive because 'unsafe-eval' is not an allowed source of script: script-src 'self' 'unsafe-inline' https://challenges.cloudflare.com https://www.google.com https://www.gstatic.com".

    at (app-pages-browser)/./node_modules/next/dist/compiled/@next/react-refresh-utils/dist/runtime.js (http://localhost:3000/_next/static/chunks/main-app.js?v=1773494001602:1095:26)
    at options.factory (http://localhost:3000/_next/static/chunks/webpack.js?v=1773494001602:704:31)
    at __webpack_require__ (http://localhost:3000/_next/static/chunks/webpack.js?v=1773494001602:29:33)
    at __webpack_exec__ (http://localhost:3000/_next/static/chunks/main-app.js?v=1773494001602:1790:48)
    at http://localhost:3000/_next/static/chunks/main-app.js?v=1773494001602:1791:37
    at webpackJsonpCallback (http://localhost:3000/_next/static/chunks/webpack.js?v=1773494001602:1380:39)
    at http://localhost:3000/_next/static/chunks/main-app.js?v=1773494001602:9:61
