[   74929ms] [WARNING] [Fast Refresh] performing full reload because your application had an unrecoverable error @ webpack-internal:///(pages-dir-browser)/./node_modules/next/dist/client/dev/hot-reloader/pages/hot-reloader-pages.js:341
[   79252ms] [ERROR] Failed to load resource: the server responded with a status of 500 (Internal Server Error) @ http://localhost:3000/admin:0
[   79446ms] Error: Cannot find module './vendor-chunks/lexical.js'
Require stack:
- C:\Users\DABC\Desktop\VASUDEV-CHEMO\manufact-clone\.next\server\webpack-runtime.js
- C:\Users\DABC\Desktop\VASUDEV-CHEMO\manufact-clone\.next\server\app\(payload)\admin\[[...segments]]\page.js
- C:\Users\DABC\Desktop\VASUDEV-CHEMO\manufact-clone\node_modules\next\dist\server\require.js
- C:\Users\DABC\Desktop\VASUDEV-CHEMO\manufact-clone\node_modules\next\dist\server\load-components.js
- C:\Users\DABC\Desktop\VASUDEV-CHEMO\manufact-clone\node_modules\next\dist\build\utils.js
- C:\Users\DABC\Desktop\VASUDEV-CHEMO\manufact-clone\node_modules\next\dist\server\dev\static-paths-worker.js
- C:\Users\DABC\Desktop\VASUDEV-CHEMO\manufact-clone\node_modules\next\dist\compiled\jest-worker\processChild.js
    at Module.<anonymous> (node:internal/modules/cjs/loader:1456:15)
    at <unknown> (file://C:\Users\DABC\Desktop\VASUDEV-CHEMO\manufact-clone\node_modules\next\dist\server\require-hook.js:57:36)
    at defaultResolveImpl (node:internal/modules/cjs/loader:1066:19)
    at resolveForCJSWithHooks (node:internal/modules/cjs/loader:1071:22)
    at Module._load (node:internal/modules/cjs/loader:1242:25)
    at wrapModuleLoad (node:internal/modules/cjs/loader:255:19)
    at Module.<anonymous> (node:internal/modules/cjs/loader:1556:12)
    at mod.require (file://C:\Users\DABC\Desktop\VASUDEV-CHEMO\manufact-clone\node_modules\next\dist\server\require-hook.js:68:28)
    at require (node:internal/modules/helpers:152:16)
    at __webpack_require__.f.require (file://C:\Users\DABC\Desktop\VASUDEV-CHEMO\manufact-clone\.next\server\webpack-runtime.js:259:28)
[  137541ms] [ERROR] WebSocket connection to 'ws://localhost:3000/_next/webpack-hmr' failed: Error in connection establishment: net::ERR_CONNECTION_REFUSED @ webpack-internal:///(pages-dir-browser)/./node_modules/next/dist/client/dev/hot-reloader/pages/websocket.js:88
[  140925ms] [ERROR] WebSocket connection to 'ws://localhost:3000/_next/webpack-hmr' failed: Error in connection establishment: net::ERR_CONNECTION_REFUSED @ webpack-internal:///(pages-dir-browser)/./node_modules/next/dist/client/dev/hot-reloader/pages/websocket.js:88
[  144288ms] [ERROR] WebSocket connection to 'ws://localhost:3000/_next/webpack-hmr' failed: Error in connection establishment: net::ERR_CONNECTION_REFUSED @ webpack-internal:///(pages-dir-browser)/./node_modules/next/dist/client/dev/hot-reloader/pages/websocket.js:88
[  150796ms] [WARNING] [Fast Refresh] performing full reload because your application had an unrecoverable error @ webpack-internal:///(pages-dir-browser)/./node_modules/next/dist/client/dev/hot-reloader/pages/hot-reloader-pages.js:341
[  229737ms] [ERROR] Failed to load resource: the server responded with a status of 404 (Not Found) @ http://localhost:3000/_next/static/webpack/32d3318d0d68e325.webpack.hot-update.json:0
[  229737ms] [WARNING] [Fast Refresh] performing full reload because your application had an unrecoverable error @ webpack-internal:///(pages-dir-browser)/./node_modules/next/dist/client/dev/hot-reloader/pages/hot-reloader-pages.js:341
[  241198ms] [WARNING] The resource http://localhost:3000/_next/static/css/app/(payload)/admin/%5B%5B...segments%5D%5D/page.css?v=1773495647648 was preloaded using link preload but not used within a few seconds from the window's load event. Please make sure it has an appropriate `as` value and it is preloaded intentionally. @ http://localhost:3000/admin:0
